DEPRECATION WARNING: require "activesupport" is deprecated and will be removed in Rails 3. Use require "active_support" instead.. (called from /home/alexandre/pontuacao_consulta/vendor/rails/activesupport/lib/activesupport.rb:2)
  [4;36;1mSQL (0.2ms)[0m   [0;1mSET NAMES 'utf8'[0m
  [4;35;1mSQL (0.1ms)[0m   [0mSET SQL_AUTO_IS_NULL=0[0m


Processing VisaosController#index (for 127.0.0.1 at 2010-11-17 11:46:51) [GET]
  [4;36;1mUnidade Load (0.8ms)[0m   [0;1mSELECT * FROM `unidades` [0m
  [4;35;1mProfessor Load (42.0ms)[0m   [0mSELECT `professors`.* FROM `professors` INNER JOIN `unidades` ON `unidades`.id = `professors`.sede_id WHERE (unidades.tipo in (1,2,3)) ORDER BY matricula[0m
Rendering template within layouts/exibicao
Rendering visaos/index
Completed in 301ms (View: 122, DB: 43) | 200 OK [http://localhost/]
  [4;36;1mSQL (0.1ms)[0m   [0;1mSET NAMES 'utf8'[0m
  [4;35;1mSQL (0.1ms)[0m   [0mSET SQL_AUTO_IS_NULL=0[0m


Processing SessionsController#new (for 127.0.0.1 at 2010-11-17 11:48:23) [GET]
Rendering template within layouts/login
Rendering sessions/new
Completed in 68ms (View: 58, DB: 0) | 200 OK [http://localhost/login]
  [4;36;1mSQL (0.1ms)[0m   [0;1mSET NAMES 'utf8'[0m
  [4;35;1mSQL (0.1ms)[0m   [0mSET SQL_AUTO_IS_NULL=0[0m


Processing SessionsController#create (for 127.0.0.1 at 2010-11-17 11:48:40) [POST]
  Parameters: {"commit"=>"Entrar", "authenticity_token"=>"oIjptEyCj7EWJ7pFW5nL4+6z8oEKc3CV0NYchHU7B7w=", "login"=>"administrador", "password"=>"s3inf09"}
  [4;36;1mUser Load (0.6ms)[0m   [0;1mSELECT * FROM `users` WHERE (login = 'administrador' and activated_at IS NOT NULL) LIMIT 1[0m
  [4;35;1mUser Columns (1.1ms)[0m   [0mSHOW FIELDS FROM `users`[0m

ActionController::ActionControllerError (Cannot redirect to nil!):
  lib/authenticated_system.rb:85:in `redirect_back_or_default'
  app/controllers/sessions_controller.rb:19:in `create'
  pdfkit (0.4.5) lib/pdfkit/middleware.rb:14:in `call'
  /usr/lib/ruby/gems/1.8/gems/ruby-debug-ide-0.3.1/lib/ruby-debug.rb:96:in `debug_load'
  /usr/lib/ruby/gems/1.8/gems/ruby-debug-ide-0.3.1/lib/ruby-debug.rb:96:in `main'
  /usr/lib/ruby/gems/1.8/gems/ruby-debug-ide-0.3.1/bin/rdebug-ide:76
  /usr/bin/rdebug-ide:19:in `load'
  /usr/bin/rdebug-ide:19

Rendered rescues/_trace (101.2ms)
Rendered rescues/_request_and_response (3.6ms)
Rendering rescues/layout (internal_server_error)
  [4;36;1mSQL (0.1ms)[0m   [0;1mSET NAMES 'utf8'[0m
  [4;35;1mSQL (0.1ms)[0m   [0mSET SQL_AUTO_IS_NULL=0[0m


Processing SessionsController#new (for 127.0.0.1 at 2010-11-17 11:49:23) [GET]
Rendering template within layouts/login
Rendering sessions/new
Completed in 35ms (View: 24, DB: 0) | 200 OK [http://localhost/login]
  [4;36;1mSQL (0.1ms)[0m   [0;1mSET NAMES 'utf8'[0m
  [4;35;1mSQL (0.4ms)[0m   [0mSET SQL_AUTO_IS_NULL=0[0m


Processing SessionsController#create (for 127.0.0.1 at 2010-11-17 11:49:28) [POST]
  Parameters: {"commit"=>"Entrar", "authenticity_token"=>"oIjptEyCj7EWJ7pFW5nL4+6z8oEKc3CV0NYchHU7B7w=", "login"=>"administrador", "password"=>"s3inf09"}
  [4;36;1mUser Load (0.2ms)[0m   [0;1mSELECT * FROM `users` WHERE (login = 'administrador' and activated_at IS NOT NULL) LIMIT 1[0m
  [4;35;1mUser Columns (1.2ms)[0m   [0mSHOW FIELDS FROM `users`[0m

ActionController::ActionControllerError (Cannot redirect to nil!):
  lib/authenticated_system.rb:85:in `redirect_back_or_default'
  app/controllers/sessions_controller.rb:19:in `create'
  pdfkit (0.4.5) lib/pdfkit/middleware.rb:14:in `call'
  /usr/lib/ruby/gems/1.8/gems/ruby-debug-ide-0.3.1/lib/ruby-debug.rb:96:in `debug_load'
  /usr/lib/ruby/gems/1.8/gems/ruby-debug-ide-0.3.1/lib/ruby-debug.rb:96:in `main'
  /usr/lib/ruby/gems/1.8/gems/ruby-debug-ide-0.3.1/bin/rdebug-ide:76
  /usr/bin/rdebug-ide:19:in `load'
  /usr/bin/rdebug-ide:19

Rendered rescues/_trace (233.8ms)
Rendered rescues/_request_and_response (1.0ms)
Rendering rescues/layout (internal_server_error)
  [4;36;1mSQL (0.1ms)[0m   [0;1mSET NAMES 'utf8'[0m
  [4;35;1mSQL (0.3ms)[0m   [0mSET SQL_AUTO_IS_NULL=0[0m


Processing SessionsController#new (for 127.0.0.1 at 2010-11-17 11:55:42) [GET]
Rendering template within layouts/login
Rendering sessions/new
Completed in 31ms (View: 20, DB: 0) | 200 OK [http://localhost/login]
  [4;36;1mSQL (0.1ms)[0m   [0;1mSET NAMES 'utf8'[0m
  [4;35;1mSQL (0.1ms)[0m   [0mSET SQL_AUTO_IS_NULL=0[0m


Processing SessionsController#create (for 127.0.0.1 at 2010-11-17 11:55:47) [POST]
  Parameters: {"commit"=>"Entrar", "authenticity_token"=>"oIjptEyCj7EWJ7pFW5nL4+6z8oEKc3CV0NYchHU7B7w=", "login"=>"administrador", "password"=>"s3inf09"}
  [4;36;1mUser Load (0.1ms)[0m   [0;1mSELECT * FROM `users` WHERE (login = 'administrador' and activated_at IS NOT NULL) LIMIT 1[0m
  [4;35;1mUser Columns (1.2ms)[0m   [0mSHOW FIELDS FROM `users`[0m

ActionController::ActionControllerError (Cannot redirect to nil!):
  lib/authenticated_system.rb:86:in `redirect_back_or_default'
  app/controllers/sessions_controller.rb:19:in `create'
  pdfkit (0.4.5) lib/pdfkit/middleware.rb:14:in `call'
  /usr/lib/ruby/gems/1.8/gems/ruby-debug-ide-0.3.1/lib/ruby-debug.rb:96:in `debug_load'
  /usr/lib/ruby/gems/1.8/gems/ruby-debug-ide-0.3.1/lib/ruby-debug.rb:96:in `main'
  /usr/lib/ruby/gems/1.8/gems/ruby-debug-ide-0.3.1/bin/rdebug-ide:76
  /usr/bin/rdebug-ide:19:in `load'
  /usr/bin/rdebug-ide:19

Rendered rescues/_trace (168.8ms)
Rendered rescues/_request_and_response (1.6ms)
Rendering rescues/layout (internal_server_error)
  [4;36;1mSQL (0.1ms)[0m   [0;1mSET NAMES 'utf8'[0m
  [4;35;1mSQL (0.1ms)[0m   [0mSET SQL_AUTO_IS_NULL=0[0m


Processing SessionsController#new (for 127.0.0.1 at 2010-11-17 11:56:29) [GET]
Rendering template within layouts/login
Rendering sessions/new
Completed in 35ms (View: 24, DB: 0) | 200 OK [http://localhost/login]
  [4;36;1mSQL (0.1ms)[0m   [0;1mSET NAMES 'utf8'[0m
  [4;35;1mSQL (0.1ms)[0m   [0mSET SQL_AUTO_IS_NULL=0[0m


Processing SessionsController#create (for 127.0.0.1 at 2010-11-17 11:56:33) [POST]
  Parameters: {"commit"=>"Entrar", "authenticity_token"=>"oIjptEyCj7EWJ7pFW5nL4+6z8oEKc3CV0NYchHU7B7w=", "login"=>"administrador", "password"=>"s3inf09"}
  [4;36;1mUser Load (0.2ms)[0m   [0;1mSELECT * FROM `users` WHERE (login = 'administrador' and activated_at IS NOT NULL) LIMIT 1[0m
  [4;35;1mUser Columns (1.2ms)[0m   [0mSHOW FIELDS FROM `users`[0m

ActionController::ActionControllerError (Cannot redirect to nil!):
  lib/authenticated_system.rb:86:in `redirect_back_or_default'
  app/controllers/sessions_controller.rb:19:in `create'
  pdfkit (0.4.5) lib/pdfkit/middleware.rb:14:in `call'
  /usr/lib/ruby/gems/1.8/gems/ruby-debug-ide-0.3.1/lib/ruby-debug.rb:96:in `debug_load'
  /usr/lib/ruby/gems/1.8/gems/ruby-debug-ide-0.3.1/lib/ruby-debug.rb:96:in `main'
  /usr/lib/ruby/gems/1.8/gems/ruby-debug-ide-0.3.1/bin/rdebug-ide:76
  /usr/bin/rdebug-ide:19:in `load'
  /usr/bin/rdebug-ide:19

Rendered rescues/_trace (242.8ms)
Rendered rescues/_request_and_response (1.0ms)
Rendering rescues/layout (internal_server_error)
  [4;36;1mSQL (0.1ms)[0m   [0;1mSET NAMES 'utf8'[0m
  [4;35;1mSQL (0.1ms)[0m   [0mSET SQL_AUTO_IS_NULL=0[0m


Processing SessionsController#new (for 127.0.0.1 at 2010-11-17 11:57:13) [GET]
Rendering template within layouts/login
Rendering sessions/new
Completed in 44ms (View: 30, DB: 0) | 200 OK [http://localhost/login]
  [4;36;1mSQL (0.1ms)[0m   [0;1mSET NAMES 'utf8'[0m
  [4;35;1mSQL (0.1ms)[0m   [0mSET SQL_AUTO_IS_NULL=0[0m


Processing SessionsController#create (for 127.0.0.1 at 2010-11-17 11:57:20) [POST]
  Parameters: {"commit"=>"Entrar", "authenticity_token"=>"oIjptEyCj7EWJ7pFW5nL4+6z8oEKc3CV0NYchHU7B7w=", "login"=>"administrador", "password"=>"s3inf09"}
  [4;36;1mUser Load (0.2ms)[0m   [0;1mSELECT * FROM `users` WHERE (login = 'administrador' and activated_at IS NOT NULL) LIMIT 1[0m
  [4;35;1mUser Columns (1.2ms)[0m   [0mSHOW FIELDS FROM `users`[0m

ActionController::ActionControllerError (Cannot redirect to nil!):
  lib/authenticated_system.rb:86:in `redirect_back_or_default'
  app/controllers/sessions_controller.rb:19:in `create'
  pdfkit (0.4.5) lib/pdfkit/middleware.rb:14:in `call'
  /usr/lib/ruby/gems/1.8/gems/ruby-debug-ide-0.3.1/lib/ruby-debug.rb:96:in `debug_load'
  /usr/lib/ruby/gems/1.8/gems/ruby-debug-ide-0.3.1/lib/ruby-debug.rb:96:in `main'
  /usr/lib/ruby/gems/1.8/gems/ruby-debug-ide-0.3.1/bin/rdebug-ide:76
  /usr/bin/rdebug-ide:19:in `load'
  /usr/bin/rdebug-ide:19

Rendered rescues/_trace (101.2ms)
Rendered rescues/_request_and_response (1.0ms)
Rendering rescues/layout (internal_server_error)
  [4;36;1mSQL (0.1ms)[0m   [0;1mSET NAMES 'utf8'[0m
  [4;35;1mSQL (0.1ms)[0m   [0mSET SQL_AUTO_IS_NULL=0[0m


Processing SessionsController#new (for 127.0.0.1 at 2010-11-17 11:57:31) [GET]
Rendering template within layouts/login
Rendering sessions/new
Completed in 34ms (View: 23, DB: 0) | 200 OK [http://localhost/login]
  [4;36;1mSQL (0.1ms)[0m   [0;1mSET NAMES 'utf8'[0m
  [4;35;1mSQL (0.1ms)[0m   [0mSET SQL_AUTO_IS_NULL=0[0m


Processing SessionsController#create (for 127.0.0.1 at 2010-11-17 11:57:36) [POST]
  Parameters: {"commit"=>"Entrar", "authenticity_token"=>"oIjptEyCj7EWJ7pFW5nL4+6z8oEKc3CV0NYchHU7B7w=", "login"=>"administrador", "password"=>"s3inf09"}
  [4;36;1mUser Load (0.2ms)[0m   [0;1mSELECT * FROM `users` WHERE (login = 'administrador' and activated_at IS NOT NULL) LIMIT 1[0m
  [4;35;1mUser Columns (1.2ms)[0m   [0mSHOW FIELDS FROM `users`[0m

ActionController::ActionControllerError (Cannot redirect to nil!):
  lib/authenticated_system.rb:86:in `redirect_back_or_default'
  app/controllers/sessions_controller.rb:19:in `create'
  pdfkit (0.4.5) lib/pdfkit/middleware.rb:14:in `call'
  /usr/lib/ruby/gems/1.8/gems/ruby-debug-ide-0.3.1/lib/ruby-debug.rb:96:in `debug_load'
  /usr/lib/ruby/gems/1.8/gems/ruby-debug-ide-0.3.1/lib/ruby-debug.rb:96:in `main'
  /usr/lib/ruby/gems/1.8/gems/ruby-debug-ide-0.3.1/bin/rdebug-ide:76
  /usr/bin/rdebug-ide:19:in `load'
  /usr/bin/rdebug-ide:19

Rendered rescues/_trace (289.4ms)
Rendered rescues/_request_and_response (1.0ms)
Rendering rescues/layout (internal_server_error)
  [4;36;1mSQL (0.1ms)[0m   [0;1mSET NAMES 'utf8'[0m
  [4;35;1mSQL (0.1ms)[0m   [0mSET SQL_AUTO_IS_NULL=0[0m


Processing VisaosController#index (for 127.0.0.1 at 2010-11-17 12:10:08) [GET]
  [4;36;1mUnidade Load (0.2ms)[0m   [0;1mSELECT * FROM `unidades` [0m
  [4;35;1mProfessor Load (1.2ms)[0m   [0mSELECT `professors`.* FROM `professors` INNER JOIN `unidades` ON `unidades`.id = `professors`.sede_id WHERE (unidades.tipo in (1,2,3)) ORDER BY matricula[0m
Rendering template within layouts/exibicao
Rendering visaos/index
  [4;36;1mUser Columns (1.3ms)[0m   [0;1mSHOW FIELDS FROM `users`[0m
  [4;35;1mUser Load (0.4ms)[0m   [0mSELECT * FROM `users` WHERE (`users`.`id` = 1) LIMIT 1[0m
Completed in 135ms (View: 42, DB: 3) | 200 OK [http://localhost/]
  [4;36;1mSQL (0.1ms)[0m   [0;1mSET NAMES 'utf8'[0m
  [4;35;1mSQL (0.1ms)[0m   [0mSET SQL_AUTO_IS_NULL=0[0m


Processing VisaosController#index (for 127.0.0.1 at 2010-11-17 12:10:17) [GET]
  [4;36;1mUnidade Load (0.2ms)[0m   [0;1mSELECT * FROM `unidades` [0m
  [4;35;1mProfessor Load (1.2ms)[0m   [0mSELECT `professors`.* FROM `professors` INNER JOIN `unidades` ON `unidades`.id = `professors`.sede_id WHERE (unidades.tipo in (1,2,3)) ORDER BY matricula[0m
Rendering template within layouts/exibicao
Rendering visaos/index
  [4;36;1mUser Columns (1.3ms)[0m   [0;1mSHOW FIELDS FROM `users`[0m
  [4;35;1mUser Load (0.1ms)[0m   [0mSELECT * FROM `users` WHERE (`users`.`id` = 1) LIMIT 1[0m
Completed in 122ms (View: 41, DB: 3) | 200 OK [http://localhost/]
  [4;36;1mSQL (0.1ms)[0m   [0;1mSET NAMES 'utf8'[0m
  [4;35;1mSQL (0.1ms)[0m   [0mSET SQL_AUTO_IS_NULL=0[0m


Processing VisaosController#index (for 127.0.0.1 at 2010-11-17 12:10:23) [GET]
  [4;36;1mUnidade Load (0.2ms)[0m   [0;1mSELECT * FROM `unidades` [0m
  [4;35;1mProfessor Load (1.2ms)[0m   [0mSELECT `professors`.* FROM `professors` INNER JOIN `unidades` ON `unidades`.id = `professors`.sede_id WHERE (unidades.tipo in (1,2,3)) ORDER BY matricula[0m
Rendering template within layouts/exibicao
Rendering visaos/index
  [4;36;1mUser Columns (1.3ms)[0m   [0;1mSHOW FIELDS FROM `users`[0m
  [4;35;1mUser Load (0.1ms)[0m   [0mSELECT * FROM `users` WHERE (`users`.`id` = 1) LIMIT 1[0m
Completed in 123ms (View: 41, DB: 3) | 200 OK [http://localhost/]
  [4;36;1mSQL (0.1ms)[0m   [0;1mSET NAMES 'utf8'[0m
  [4;35;1mSQL (0.1ms)[0m   [0mSET SQL_AUTO_IS_NULL=0[0m


Processing ApplicationController#index (for 127.0.0.1 at 2010-11-17 12:10:29) [GET]

ActionController::RoutingError (No route matches "/homes" with {:method=>:get}):
  pdfkit (0.4.5) lib/pdfkit/middleware.rb:14:in `call'
  /usr/lib/ruby/gems/1.8/gems/ruby-debug-ide-0.3.1/lib/ruby-debug.rb:96:in `debug_load'
  /usr/lib/ruby/gems/1.8/gems/ruby-debug-ide-0.3.1/lib/ruby-debug.rb:96:in `main'
  /usr/lib/ruby/gems/1.8/gems/ruby-debug-ide-0.3.1/bin/rdebug-ide:76
  /usr/bin/rdebug-ide:19:in `load'
  /usr/bin/rdebug-ide:19

Rendering rescues/layout (not_found)
  [4;36;1mSQL (0.1ms)[0m   [0;1mSET NAMES 'utf8'[0m
  [4;35;1mSQL (0.1ms)[0m   [0mSET SQL_AUTO_IS_NULL=0[0m


Processing HomeController#index (for 127.0.0.1 at 2010-11-17 12:10:32) [GET]
  [4;36;1mUser Columns (1.3ms)[0m   [0;1mSHOW FIELDS FROM `users`[0m
  [4;35;1mUser Load (0.1ms)[0m   [0mSELECT * FROM `users` WHERE (`users`.`id` = 1) LIMIT 1[0m
  [4;36;1mProfessor Load (26.8ms)[0m   [0;1mSELECT * FROM `professors` ORDER BY matricula[0m
Rendering template within layouts/consulta
Rendering home/index
  [4;35;1mAnnouncement Load (0.5ms)[0m   [0mSELECT * FROM `announcements` WHERE (starts_at <= now() AND ends_at >= now()) [0m
  [4;36;1mroles_users Columns (0.9ms)[0m   [0;1mSHOW FIELDS FROM `roles_users`[0m
  [4;35;1mRole Load (0.5ms)[0m   [0mSELECT * FROM `roles` INNER JOIN `roles_users` ON `roles`.id = `roles_users`.role_id WHERE (`roles_users`.user_id = 1 ) [0m
  [4;36;1mRole Columns (0.6ms)[0m   [0;1mSHOW FIELDS FROM `roles`[0m
Completed in 380ms (View: 125, DB: 31) | 200 OK [http://localhost/home]
  [4;35;1mSQL (0.1ms)[0m   [0mSET NAMES 'utf8'[0m
  [4;36;1mSQL (0.1ms)[0m   [0;1mSET SQL_AUTO_IS_NULL=0[0m


Processing VisaosController#index (for 127.0.0.1 at 2010-11-17 12:10:37) [GET]
  [4;35;1mUnidade Load (0.2ms)[0m   [0mSELECT * FROM `unidades` [0m
  [4;36;1mProfessor Load (1.2ms)[0m   [0;1mSELECT `professors`.* FROM `professors` INNER JOIN `unidades` ON `unidades`.id = `professors`.sede_id WHERE (unidades.tipo in (1,2,3)) ORDER BY matricula[0m
Rendering template within layouts/exibicao
Rendering visaos/index
  [4;35;1mUser Columns (1.3ms)[0m   [0mSHOW FIELDS FROM `users`[0m
  [4;36;1mUser Load (0.1ms)[0m   [0;1mSELECT * FROM `users` WHERE (`users`.`id` = 1) LIMIT 1[0m
Completed in 124ms (View: 41, DB: 3) | 200 OK [http://localhost/visaos]
  [4;35;1mSQL (0.1ms)[0m   [0mSET NAMES 'utf8'[0m
  [4;36;1mSQL (0.1ms)[0m   [0;1mSET SQL_AUTO_IS_NULL=0[0m


Processing VisaosController#index (for 127.0.0.1 at 2010-11-17 12:10:40) [GET]
  [4;35;1mUnidade Load (0.2ms)[0m   [0mSELECT * FROM `unidades` [0m
  [4;36;1mProfessor Load (1.2ms)[0m   [0;1mSELECT `professors`.* FROM `professors` INNER JOIN `unidades` ON `unidades`.id = `professors`.sede_id WHERE (unidades.tipo in (1,2,3)) ORDER BY matricula[0m
Rendering template within layouts/exibicao
Rendering visaos/index
  [4;35;1mUser Columns (1.2ms)[0m   [0mSHOW FIELDS FROM `users`[0m
  [4;36;1mUser Load (0.2ms)[0m   [0;1mSELECT * FROM `users` WHERE (`users`.`id` = 1) LIMIT 1[0m
Completed in 131ms (View: 47, DB: 3) | 200 OK [http://localhost/]
  [4;35;1mSQL (0.1ms)[0m   [0mSET NAMES 'utf8'[0m
  [4;36;1mSQL (0.1ms)[0m   [0;1mSET SQL_AUTO_IS_NULL=0[0m


Processing SessionsController#destroy (for 127.0.0.1 at 2010-11-17 12:10:45) [GET]
  [4;35;1mUser Columns (1.3ms)[0m   [0mSHOW FIELDS FROM `users`[0m
  [4;36;1mUser Load (0.1ms)[0m   [0;1mSELECT * FROM `users` WHERE (`users`.`id` = 1) LIMIT 1[0m
  [4;35;1mSQL (0.1ms)[0m   [0mBEGIN[0m
  [4;36;1mSQL (0.1ms)[0m   [0;1mCOMMIT[0m
Redirected to http://localhost:3000/
Completed in 92ms (DB: 2) | 302 Found [http://localhost/logout]
  [4;35;1mSQL (0.1ms)[0m   [0mSET NAMES 'utf8'[0m
  [4;36;1mSQL (0.1ms)[0m   [0;1mSET SQL_AUTO_IS_NULL=0[0m


Processing VisaosController#index (for 127.0.0.1 at 2010-11-17 12:10:45) [GET]
  [4;35;1mUnidade Load (0.2ms)[0m   [0mSELECT * FROM `unidades` [0m
  [4;36;1mProfessor Load (1.2ms)[0m   [0;1mSELECT `professors`.* FROM `professors` INNER JOIN `unidades` ON `unidades`.id = `professors`.sede_id WHERE (unidades.tipo in (1,2,3)) ORDER BY matricula[0m
Rendering template within layouts/exibicao
Rendering visaos/index
Completed in 104ms (View: 20, DB: 2) | 200 OK [http://localhost/]
  [4;35;1mSQL (0.1ms)[0m   [0mSET NAMES 'utf8'[0m
  [4;36;1mSQL (0.1ms)[0m   [0;1mSET SQL_AUTO_IS_NULL=0[0m


Processing SessionsController#new (for 127.0.0.1 at 2010-11-17 12:10:49) [GET]
Rendering template within layouts/login
Rendering sessions/new
Completed in 30ms (View: 20, DB: 0) | 200 OK [http://localhost/login]
  [4;35;1mSQL (0.1ms)[0m   [0mSET NAMES 'utf8'[0m
  [4;36;1mSQL (0.2ms)[0m   [0;1mSET SQL_AUTO_IS_NULL=0[0m


Processing SessionsController#create (for 127.0.0.1 at 2010-11-17 12:10:56) [POST]
  Parameters: {"commit"=>"Entrar", "authenticity_token"=>"+SbEk5pIP7Eo/8SH3e6GLBE3or+tzlgG7HPVIxUaxWg=", "login"=>"administrador", "password"=>"s3inf09"}
  [4;35;1mUser Load (0.2ms)[0m   [0mSELECT * FROM `users` WHERE (login = 'administrador' and activated_at IS NOT NULL) LIMIT 1[0m
  [4;36;1mUser Columns (1.2ms)[0m   [0;1mSHOW FIELDS FROM `users`[0m

ActionController::ActionControllerError (Cannot redirect to nil!):
  lib/authenticated_system.rb:86:in `redirect_back_or_default'
  app/controllers/sessions_controller.rb:19:in `create'
  pdfkit (0.4.5) lib/pdfkit/middleware.rb:14:in `call'
  /usr/lib/ruby/gems/1.8/gems/ruby-debug-ide-0.3.1/lib/ruby-debug.rb:96:in `debug_load'
  /usr/lib/ruby/gems/1.8/gems/ruby-debug-ide-0.3.1/lib/ruby-debug.rb:96:in `main'
  /usr/lib/ruby/gems/1.8/gems/ruby-debug-ide-0.3.1/bin/rdebug-ide:76
  /usr/bin/rdebug-ide:19:in `load'
  /usr/bin/rdebug-ide:19

Rendered rescues/_trace (154.5ms)
Rendered rescues/_request_and_response (1.4ms)
Rendering rescues/layout (internal_server_error)
  [4;35;1mSQL (0.1ms)[0m   [0mSET NAMES 'utf8'[0m
  [4;36;1mSQL (0.4ms)[0m   [0;1mSET SQL_AUTO_IS_NULL=0[0m


Processing VisaosController#index (for 127.0.0.1 at 2010-11-17 12:11:32) [GET]
  [4;35;1mUnidade Load (0.2ms)[0m   [0mSELECT * FROM `unidades` [0m
  [4;36;1mProfessor Load (1.2ms)[0m   [0;1mSELECT `professors`.* FROM `professors` INNER JOIN `unidades` ON `unidades`.id = `professors`.sede_id WHERE (unidades.tipo in (1,2,3)) ORDER BY matricula[0m
Rendering template within layouts/exibicao
Rendering visaos/index
  [4;35;1mUser Columns (1.3ms)[0m   [0mSHOW FIELDS FROM `users`[0m
  [4;36;1mUser Load (0.1ms)[0m   [0;1mSELECT * FROM `users` WHERE (`users`.`id` = 1) LIMIT 1[0m
Completed in 237ms (View: 45, DB: 3) | 200 OK [http://localhost/]
  [4;35;1mSQL (1.9ms)[0m   [0mSET NAMES 'utf8'[0m
  [4;36;1mSQL (0.1ms)[0m   [0;1mSET SQL_AUTO_IS_NULL=0[0m


Processing SessionsController#destroy (for 127.0.0.1 at 2010-11-17 12:11:35) [GET]
  [4;35;1mUser Columns (1.3ms)[0m   [0mSHOW FIELDS FROM `users`[0m
  [4;36;1mUser Load (0.1ms)[0m   [0;1mSELECT * FROM `users` WHERE (`users`.`id` = 1) LIMIT 1[0m
  [4;35;1mSQL (0.1ms)[0m   [0mBEGIN[0m
  [4;36;1mSQL (0.1ms)[0m   [0;1mCOMMIT[0m
Redirected to http://localhost:3000/
Completed in 236ms (DB: 4) | 302 Found [http://localhost/logout]
  [4;35;1mSQL (0.1ms)[0m   [0mSET NAMES 'utf8'[0m
  [4;36;1mSQL (0.1ms)[0m   [0;1mSET SQL_AUTO_IS_NULL=0[0m


Processing VisaosController#index (for 127.0.0.1 at 2010-11-17 12:11:35) [GET]
  [4;35;1mUnidade Load (0.2ms)[0m   [0mSELECT * FROM `unidades` [0m
  [4;36;1mProfessor Load (1.3ms)[0m   [0;1mSELECT `professors`.* FROM `professors` INNER JOIN `unidades` ON `unidades`.id = `professors`.sede_id WHERE (unidades.tipo in (1,2,3)) ORDER BY matricula[0m
Rendering template within layouts/exibicao
Rendering visaos/index
Completed in 102ms (View: 19, DB: 2) | 200 OK [http://localhost/]
  [4;35;1mSQL (0.1ms)[0m   [0mSET NAMES 'utf8'[0m
  [4;36;1mSQL (0.1ms)[0m   [0;1mSET SQL_AUTO_IS_NULL=0[0m


Processing SessionsController#new (for 127.0.0.1 at 2010-11-17 12:11:37) [GET]
Rendering template within layouts/login
Rendering sessions/new
Completed in 33ms (View: 23, DB: 0) | 200 OK [http://localhost/login]
  [4;35;1mSQL (0.1ms)[0m   [0mSET NAMES 'utf8'[0m
  [4;36;1mSQL (0.1ms)[0m   [0;1mSET SQL_AUTO_IS_NULL=0[0m


Processing SessionsController#create (for 127.0.0.1 at 2010-11-17 12:11:46) [POST]
  Parameters: {"commit"=>"Entrar", "authenticity_token"=>"dZmWDrSf2HAZ03g50wxQgFru1CvvHrMFd/uW4vvODak=", "login"=>"administrador", "password"=>"s3inf09"}
  [4;35;1mUser Load (0.2ms)[0m   [0mSELECT * FROM `users` WHERE (login = 'administrador' and activated_at IS NOT NULL) LIMIT 1[0m
  [4;36;1mUser Columns (1.2ms)[0m   [0;1mSHOW FIELDS FROM `users`[0m

ActionController::ActionControllerError (Cannot redirect to nil!):
  lib/authenticated_system.rb:86:in `redirect_back_or_default'
  app/controllers/sessions_controller.rb:19:in `create'
  pdfkit (0.4.5) lib/pdfkit/middleware.rb:14:in `call'
  /usr/lib/ruby/gems/1.8/gems/ruby-debug-ide-0.3.1/lib/ruby-debug.rb:96:in `debug_load'
  /usr/lib/ruby/gems/1.8/gems/ruby-debug-ide-0.3.1/lib/ruby-debug.rb:96:in `main'
  /usr/lib/ruby/gems/1.8/gems/ruby-debug-ide-0.3.1/bin/rdebug-ide:76
  /usr/bin/rdebug-ide:19:in `load'
  /usr/bin/rdebug-ide:19

Rendered rescues/_trace (146.6ms)
Rendered rescues/_request_and_response (1.3ms)
Rendering rescues/layout (internal_server_error)
  [4;35;1mSQL (0.2ms)[0m   [0mSET NAMES 'utf8'[0m
  [4;36;1mSQL (0.1ms)[0m   [0;1mSET SQL_AUTO_IS_NULL=0[0m


Processing SessionsController#destroy (for 127.0.0.1 at 2010-11-17 12:12:46) [GET]
  [4;35;1mUser Columns (1.4ms)[0m   [0mSHOW FIELDS FROM `users`[0m
  [4;36;1mUser Load (0.1ms)[0m   [0;1mSELECT * FROM `users` WHERE (`users`.`id` = 1) LIMIT 1[0m
  [4;35;1mSQL (0.1ms)[0m   [0mBEGIN[0m
  [4;36;1mSQL (0.1ms)[0m   [0;1mCOMMIT[0m
Redirected to http://localhost:3000/logout
Completed in 12284ms (DB: 2) | 302 Found [http://localhost/logout]
  [4;35;1mSQL (0.1ms)[0m   [0mSET NAMES 'utf8'[0m
  [4;36;1mSQL (0.1ms)[0m   [0;1mSET SQL_AUTO_IS_NULL=0[0m


Processing SessionsController#destroy (for 127.0.0.1 at 2010-11-17 12:12:58) [GET]
Redirected to http://localhost:3000/logout
Completed in 4107ms (DB: 0) | 302 Found [http://localhost/logout]
  [4;35;1mSQL (0.1ms)[0m   [0mSET NAMES 'utf8'[0m
  [4;36;1mSQL (0.1ms)[0m   [0;1mSET SQL_AUTO_IS_NULL=0[0m


Processing SessionsController#destroy (for 127.0.0.1 at 2010-11-17 12:13:03) [GET]
Redirected to http://localhost:3000/logout
Completed in 3967ms (DB: 0) | 302 Found [http://localhost/logout]
  [4;35;1mSQL (0.2ms)[0m   [0mSET NAMES 'utf8'[0m
  [4;36;1mSQL (0.1ms)[0m   [0;1mSET SQL_AUTO_IS_NULL=0[0m


Processing SessionsController#destroy (for 127.0.0.1 at 2010-11-17 12:13:07) [GET]
Redirected to http://localhost:3000/logout
Completed in 1184ms (DB: 0) | 302 Found [http://localhost/logout]
  [4;35;1mSQL (0.1ms)[0m   [0mSET NAMES 'utf8'[0m
  [4;36;1mSQL (0.1ms)[0m   [0;1mSET SQL_AUTO_IS_NULL=0[0m


Processing SessionsController#destroy (for 127.0.0.1 at 2010-11-17 12:13:08) [GET]
Redirected to http://localhost:3000/logout
Completed in 3740ms (DB: 0) | 302 Found [http://localhost/logout]
  [4;35;1mSQL (0.1ms)[0m   [0mSET NAMES 'utf8'[0m
  [4;36;1mSQL (0.1ms)[0m   [0;1mSET SQL_AUTO_IS_NULL=0[0m


Processing SessionsController#destroy (for 127.0.0.1 at 2010-11-17 12:13:12) [GET]
Redirected to http://localhost:3000/logout
Completed in 11ms (DB: 0) | 302 Found [http://localhost/logout]
  [4;35;1mSQL (0.1ms)[0m   [0mSET NAMES 'utf8'[0m
  [4;36;1mSQL (0.1ms)[0m   [0;1mSET SQL_AUTO_IS_NULL=0[0m


Processing SessionsController#destroy (for 127.0.0.1 at 2010-11-17 12:13:13) [GET]
Redirected to http://localhost:3000/logout
Completed in 11ms (DB: 0) | 302 Found [http://localhost/logout]
  [4;35;1mSQL (0.1ms)[0m   [0mSET NAMES 'utf8'[0m
  [4;36;1mSQL (0.1ms)[0m   [0;1mSET SQL_AUTO_IS_NULL=0[0m


Processing SessionsController#destroy (for 127.0.0.1 at 2010-11-17 12:13:13) [GET]
Redirected to http://localhost:3000/logout
Completed in 12ms (DB: 0) | 302 Found [http://localhost/logout]
  [4;35;1mSQL (0.1ms)[0m   [0mSET NAMES 'utf8'[0m
  [4;36;1mSQL (0.1ms)[0m   [0;1mSET SQL_AUTO_IS_NULL=0[0m


Processing SessionsController#destroy (for 127.0.0.1 at 2010-11-17 12:13:13) [GET]
Redirected to http://localhost:3000/logout
Completed in 11ms (DB: 0) | 302 Found [http://localhost/logout]
  [4;35;1mSQL (0.1ms)[0m   [0mSET NAMES 'utf8'[0m
  [4;36;1mSQL (0.1ms)[0m   [0;1mSET SQL_AUTO_IS_NULL=0[0m


Processing SessionsController#destroy (for 127.0.0.1 at 2010-11-17 12:13:13) [GET]
Redirected to http://localhost:3000/logout
Completed in 12ms (DB: 0) | 302 Found [http://localhost/logout]
  [4;35;1mSQL (0.1ms)[0m   [0mSET NAMES 'utf8'[0m
  [4;36;1mSQL (0.1ms)[0m   [0;1mSET SQL_AUTO_IS_NULL=0[0m


Processing SessionsController#destroy (for 127.0.0.1 at 2010-11-17 12:13:14) [GET]
Redirected to http://localhost:3000/logout
Completed in 11ms (DB: 0) | 302 Found [http://localhost/logout]
  [4;35;1mSQL (0.1ms)[0m   [0mSET NAMES 'utf8'[0m
  [4;36;1mSQL (0.1ms)[0m   [0;1mSET SQL_AUTO_IS_NULL=0[0m


Processing SessionsController#destroy (for 127.0.0.1 at 2010-11-17 12:13:14) [GET]
Redirected to http://localhost:3000/logout
Completed in 12ms (DB: 0) | 302 Found [http://localhost/logout]
  [4;35;1mSQL (0.1ms)[0m   [0mSET NAMES 'utf8'[0m
  [4;36;1mSQL (0.1ms)[0m   [0;1mSET SQL_AUTO_IS_NULL=0[0m


Processing SessionsController#destroy (for 127.0.0.1 at 2010-11-17 12:13:14) [GET]
Redirected to http://localhost:3000/logout
Completed in 11ms (DB: 0) | 302 Found [http://localhost/logout]
  [4;35;1mSQL (0.1ms)[0m   [0mSET NAMES 'utf8'[0m
  [4;36;1mSQL (0.1ms)[0m   [0;1mSET SQL_AUTO_IS_NULL=0[0m


Processing SessionsController#destroy (for 127.0.0.1 at 2010-11-17 12:13:14) [GET]
Redirected to http://localhost:3000/logout
Completed in 12ms (DB: 0) | 302 Found [http://localhost/logout]
  [4;35;1mSQL (0.1ms)[0m   [0mSET NAMES 'utf8'[0m
  [4;36;1mSQL (0.1ms)[0m   [0;1mSET SQL_AUTO_IS_NULL=0[0m


Processing SessionsController#destroy (for 127.0.0.1 at 2010-11-17 12:13:15) [GET]
Redirected to http://localhost:3000/logout
Completed in 11ms (DB: 0) | 302 Found [http://localhost/logout]
  [4;35;1mSQL (0.1ms)[0m   [0mSET NAMES 'utf8'[0m
  [4;36;1mSQL (0.1ms)[0m   [0;1mSET SQL_AUTO_IS_NULL=0[0m


Processing SessionsController#destroy (for 127.0.0.1 at 2010-11-17 12:13:15) [GET]
Redirected to http://localhost:3000/logout
Completed in 12ms (DB: 0) | 302 Found [http://localhost/logout]
  [4;35;1mSQL (0.1ms)[0m   [0mSET NAMES 'utf8'[0m
  [4;36;1mSQL (0.1ms)[0m   [0;1mSET SQL_AUTO_IS_NULL=0[0m


Processing SessionsController#destroy (for 127.0.0.1 at 2010-11-17 12:13:15) [GET]
Redirected to http://localhost:3000/logout
Completed in 11ms (DB: 0) | 302 Found [http://localhost/logout]
  [4;35;1mSQL (0.1ms)[0m   [0mSET NAMES 'utf8'[0m
  [4;36;1mSQL (0.1ms)[0m   [0;1mSET SQL_AUTO_IS_NULL=0[0m


Processing SessionsController#destroy (for 127.0.0.1 at 2010-11-17 12:13:15) [GET]
Redirected to http://localhost:3000/logout
Completed in 107ms (DB: 0) | 302 Found [http://localhost/logout]
  [4;35;1mSQL (0.1ms)[0m   [0mSET NAMES 'utf8'[0m
  [4;36;1mSQL (0.1ms)[0m   [0;1mSET SQL_AUTO_IS_NULL=0[0m


Processing SessionsController#destroy (for 127.0.0.1 at 2010-11-17 12:13:16) [GET]
Redirected to http://localhost:3000/logout
Completed in 12ms (DB: 0) | 302 Found [http://localhost/logout]
  [4;35;1mSQL (0.1ms)[0m   [0mSET NAMES 'utf8'[0m
  [4;36;1mSQL (0.1ms)[0m   [0;1mSET SQL_AUTO_IS_NULL=0[0m


Processing SessionsController#destroy (for 127.0.0.1 at 2010-11-17 12:13:16) [GET]
Redirected to http://localhost:3000/logout
Completed in 11ms (DB: 0) | 302 Found [http://localhost/logout]
  [4;35;1mSQL (0.1ms)[0m   [0mSET NAMES 'utf8'[0m
  [4;36;1mSQL (0.1ms)[0m   [0;1mSET SQL_AUTO_IS_NULL=0[0m


Processing SessionsController#destroy (for 127.0.0.1 at 2010-11-17 12:13:16) [GET]
Redirected to http://localhost:3000/logout
Completed in 12ms (DB: 0) | 302 Found [http://localhost/logout]
  [4;35;1mSQL (0.1ms)[0m   [0mSET NAMES 'utf8'[0m
  [4;36;1mSQL (0.1ms)[0m   [0;1mSET SQL_AUTO_IS_NULL=0[0m


Processing VisaosController#index (for 127.0.0.1 at 2010-11-17 12:13:25) [GET]
  [4;35;1mUnidade Load (0.2ms)[0m   [0mSELECT * FROM `unidades` [0m
  [4;36;1mProfessor Load (1.4ms)[0m   [0;1mSELECT `professors`.* FROM `professors` INNER JOIN `unidades` ON `unidades`.id = `professors`.sede_id WHERE (unidades.tipo in (1,2,3)) ORDER BY matricula[0m
Rendering template within layouts/exibicao
Rendering visaos/index
Completed in 204ms (View: 21, DB: 2) | 200 OK [http://localhost/]
  [4;35;1mSQL (0.1ms)[0m   [0mSET NAMES 'utf8'[0m
  [4;36;1mSQL (0.1ms)[0m   [0;1mSET SQL_AUTO_IS_NULL=0[0m


Processing SessionsController#new (for 127.0.0.1 at 2010-11-17 12:13:28) [GET]
Rendering template within layouts/login
Rendering sessions/new
Completed in 29ms (View: 20, DB: 0) | 200 OK [http://localhost/login]
  [4;35;1mSQL (0.3ms)[0m   [0mSET NAMES 'utf8'[0m
  [4;36;1mSQL (0.2ms)[0m   [0;1mSET SQL_AUTO_IS_NULL=0[0m


Processing SessionsController#create (for 127.0.0.1 at 2010-11-17 12:13:35) [POST]
  Parameters: {"commit"=>"Entrar", "authenticity_token"=>"27pxoUcHQxWBu4B/f7KLBMcnAMRMT3N/fzWfUKk7Zow=", "login"=>"administrador", "password"=>"s3inf09"}
  [4;35;1mUser Load (0.2ms)[0m   [0mSELECT * FROM `users` WHERE (login = 'administrador' and activated_at IS NOT NULL) LIMIT 1[0m
  [4;36;1mUser Columns (1.2ms)[0m   [0;1mSHOW FIELDS FROM `users`[0m
Redirected to http://localhost:3000/session
Completed in 39ms (DB: 2) | 302 Found [http://localhost/session]
  [4;35;1mSQL (0.5ms)[0m   [0mSET NAMES 'utf8'[0m
  [4;36;1mSQL (0.1ms)[0m   [0;1mSET SQL_AUTO_IS_NULL=0[0m


Processing SessionsController#show (for 127.0.0.1 at 2010-11-17 12:13:35) [GET]

ActionController::UnknownAction (No action responded to show. Actions: access_denied, check_roles, create, destroy, new, render_optional_error_file, role_requirements, and role_requirements=):
  pdfkit (0.4.5) lib/pdfkit/middleware.rb:14:in `call'
  /usr/lib/ruby/gems/1.8/gems/ruby-debug-ide-0.3.1/lib/ruby-debug.rb:96:in `debug_load'
  /usr/lib/ruby/gems/1.8/gems/ruby-debug-ide-0.3.1/lib/ruby-debug.rb:96:in `main'
  /usr/lib/ruby/gems/1.8/gems/ruby-debug-ide-0.3.1/bin/rdebug-ide:76
  /usr/bin/rdebug-ide:19:in `load'
  /usr/bin/rdebug-ide:19

Rendering rescues/layout (not_found)
  [4;35;1mSQL (0.1ms)[0m   [0mSET NAMES 'utf8'[0m
  [4;36;1mSQL (0.1ms)[0m   [0;1mSET SQL_AUTO_IS_NULL=0[0m


Processing VisaosController#index (for 127.0.0.1 at 2010-11-17 12:15:08) [GET]
  [4;35;1mUnidade Load (0.2ms)[0m   [0mSELECT * FROM `unidades` [0m
  [4;36;1mProfessor Load (1.2ms)[0m   [0;1mSELECT `professors`.* FROM `professors` INNER JOIN `unidades` ON `unidades`.id = `professors`.sede_id WHERE (unidades.tipo in (1,2,3)) ORDER BY matricula[0m
Rendering template within layouts/exibicao
Rendering visaos/index
  [4;35;1mUser Columns (1.3ms)[0m   [0mSHOW FIELDS FROM `users`[0m
  [4;36;1mUser Load (0.1ms)[0m   [0;1mSELECT * FROM `users` WHERE (`users`.`id` = 1) LIMIT 1[0m
Completed in 121ms (View: 41, DB: 3) | 200 OK [http://localhost/]
  [4;35;1mSQL (0.1ms)[0m   [0mSET NAMES 'utf8'[0m
  [4;36;1mSQL (0.1ms)[0m   [0;1mSET SQL_AUTO_IS_NULL=0[0m


Processing SessionsController#destroy (for 127.0.0.1 at 2010-11-17 12:15:10) [GET]
  [4;35;1mUser Columns (1.3ms)[0m   [0mSHOW FIELDS FROM `users`[0m
  [4;36;1mUser Load (0.1ms)[0m   [0;1mSELECT * FROM `users` WHERE (`users`.`id` = 1) LIMIT 1[0m
  [4;35;1mSQL (0.1ms)[0m   [0mBEGIN[0m
  [4;36;1mSQL (0.1ms)[0m   [0;1mCOMMIT[0m
Redirected to http://localhost:3000/logout
Completed in 5249ms (DB: 2) | 302 Found [http://localhost/logout]
  [4;35;1mSQL (0.1ms)[0m   [0mSET NAMES 'utf8'[0m
  [4;36;1mSQL (0.1ms)[0m   [0;1mSET SQL_AUTO_IS_NULL=0[0m


Processing SessionsController#destroy (for 127.0.0.1 at 2010-11-17 12:15:16) [GET]
Redirected to http://localhost:3000/logout
Completed in 652ms (DB: 0) | 302 Found [http://localhost/logout]
  [4;35;1mSQL (0.1ms)[0m   [0mSET NAMES 'utf8'[0m
  [4;36;1mSQL (0.1ms)[0m   [0;1mSET SQL_AUTO_IS_NULL=0[0m


Processing SessionsController#destroy (for 127.0.0.1 at 2010-11-17 12:15:17) [GET]
Redirected to http://localhost:3000/logout
Completed in 551ms (DB: 0) | 302 Found [http://localhost/logout]
  [4;35;1mSQL (0.1ms)[0m   [0mSET NAMES 'utf8'[0m
  [4;36;1mSQL (0.1ms)[0m   [0;1mSET SQL_AUTO_IS_NULL=0[0m


Processing SessionsController#destroy (for 127.0.0.1 at 2010-11-17 12:15:18) [GET]
Redirected to http://localhost:3000/logout
Completed in 512ms (DB: 0) | 302 Found [http://localhost/logout]
  [4;35;1mSQL (0.1ms)[0m   [0mSET NAMES 'utf8'[0m
  [4;36;1mSQL (0.1ms)[0m   [0;1mSET SQL_AUTO_IS_NULL=0[0m


Processing SessionsController#destroy (for 127.0.0.1 at 2010-11-17 12:15:19) [GET]
Redirected to http://localhost:3000/logout
Completed in 557ms (DB: 0) | 302 Found [http://localhost/logout]
  [4;35;1mSQL (0.1ms)[0m   [0mSET NAMES 'utf8'[0m
  [4;36;1mSQL (0.1ms)[0m   [0;1mSET SQL_AUTO_IS_NULL=0[0m


Processing SessionsController#destroy (for 127.0.0.1 at 2010-11-17 12:15:19) [GET]
Redirected to http://localhost:3000/logout
Completed in 542ms (DB: 0) | 302 Found [http://localhost/logout]
  [4;35;1mSQL (0.1ms)[0m   [0mSET NAMES 'utf8'[0m
  [4;36;1mSQL (0.1ms)[0m   [0;1mSET SQL_AUTO_IS_NULL=0[0m


Processing SessionsController#destroy (for 127.0.0.1 at 2010-11-17 12:15:20) [GET]
Redirected to http://localhost:3000/logout
Completed in 547ms (DB: 0) | 302 Found [http://localhost/logout]
  [4;35;1mSQL (0.1ms)[0m   [0mSET NAMES 'utf8'[0m
  [4;36;1mSQL (1.7ms)[0m   [0;1mSET SQL_AUTO_IS_NULL=0[0m


Processing SessionsController#destroy (for 127.0.0.1 at 2010-11-17 12:15:21) [GET]
Redirected to http://localhost:3000/logout
Completed in 611ms (DB: 2) | 302 Found [http://localhost/logout]
  [4;35;1mSQL (0.1ms)[0m   [0mSET NAMES 'utf8'[0m
  [4;36;1mSQL (0.1ms)[0m   [0;1mSET SQL_AUTO_IS_NULL=0[0m


Processing SessionsController#destroy (for 127.0.0.1 at 2010-11-17 12:15:22) [GET]
Redirected to http://localhost:3000/logout
Completed in 6435ms (DB: 0) | 302 Found [http://localhost/logout]
  [4;35;1mSQL (0.1ms)[0m   [0mSET NAMES 'utf8'[0m
  [4;36;1mSQL (0.1ms)[0m   [0;1mSET SQL_AUTO_IS_NULL=0[0m


Processing SessionsController#destroy (for 127.0.0.1 at 2010-11-17 12:15:29) [GET]
Redirected to http://localhost:3000/logout
Completed in 11ms (DB: 0) | 302 Found [http://localhost/logout]
  [4;35;1mSQL (0.1ms)[0m   [0mSET NAMES 'utf8'[0m
  [4;36;1mSQL (0.1ms)[0m   [0;1mSET SQL_AUTO_IS_NULL=0[0m


Processing SessionsController#destroy (for 127.0.0.1 at 2010-11-17 12:15:29) [GET]
Redirected to http://localhost:3000/logout
Completed in 12ms (DB: 0) | 302 Found [http://localhost/logout]
  [4;35;1mSQL (0.2ms)[0m   [0mSET NAMES 'utf8'[0m
  [4;36;1mSQL (0.1ms)[0m   [0;1mSET SQL_AUTO_IS_NULL=0[0m


Processing SessionsController#destroy (for 127.0.0.1 at 2010-11-17 12:15:29) [GET]
Redirected to http://localhost:3000/logout
Completed in 11ms (DB: 0) | 302 Found [http://localhost/logout]
  [4;35;1mSQL (0.1ms)[0m   [0mSET NAMES 'utf8'[0m
  [4;36;1mSQL (0.1ms)[0m   [0;1mSET SQL_AUTO_IS_NULL=0[0m


Processing SessionsController#destroy (for 127.0.0.1 at 2010-11-17 12:15:30) [GET]
Redirected to http://localhost:3000/logout
Completed in 12ms (DB: 0) | 302 Found [http://localhost/logout]
  [4;35;1mSQL (0.2ms)[0m   [0mSET NAMES 'utf8'[0m
  [4;36;1mSQL (0.1ms)[0m   [0;1mSET SQL_AUTO_IS_NULL=0[0m


Processing SessionsController#destroy (for 127.0.0.1 at 2010-11-17 12:15:30) [GET]
Redirected to http://localhost:3000/logout
Completed in 11ms (DB: 0) | 302 Found [http://localhost/logout]
  [4;35;1mSQL (0.1ms)[0m   [0mSET NAMES 'utf8'[0m
  [4;36;1mSQL (0.1ms)[0m   [0;1mSET SQL_AUTO_IS_NULL=0[0m


Processing SessionsController#destroy (for 127.0.0.1 at 2010-11-17 12:15:30) [GET]
Redirected to http://localhost:3000/logout
Completed in 12ms (DB: 0) | 302 Found [http://localhost/logout]
  [4;35;1mSQL (0.1ms)[0m   [0mSET NAMES 'utf8'[0m
  [4;36;1mSQL (0.1ms)[0m   [0;1mSET SQL_AUTO_IS_NULL=0[0m


Processing SessionsController#destroy (for 127.0.0.1 at 2010-11-17 12:15:30) [GET]
Redirected to http://localhost:3000/logout
Completed in 11ms (DB: 0) | 302 Found [http://localhost/logout]
  [4;35;1mSQL (0.2ms)[0m   [0mSET NAMES 'utf8'[0m
  [4;36;1mSQL (0.1ms)[0m   [0;1mSET SQL_AUTO_IS_NULL=0[0m


Processing SessionsController#destroy (for 127.0.0.1 at 2010-11-17 12:15:31) [GET]
Redirected to http://localhost:3000/logout
Completed in 12ms (DB: 0) | 302 Found [http://localhost/logout]
  [4;35;1mSQL (0.1ms)[0m   [0mSET NAMES 'utf8'[0m
  [4;36;1mSQL (0.1ms)[0m   [0;1mSET SQL_AUTO_IS_NULL=0[0m


Processing SessionsController#destroy (for 127.0.0.1 at 2010-11-17 12:15:31) [GET]
Redirected to http://localhost:3000/logout
Completed in 11ms (DB: 0) | 302 Found [http://localhost/logout]
  [4;35;1mSQL (0.1ms)[0m   [0mSET NAMES 'utf8'[0m
  [4;36;1mSQL (0.1ms)[0m   [0;1mSET SQL_AUTO_IS_NULL=0[0m


Processing SessionsController#destroy (for 127.0.0.1 at 2010-11-17 12:15:31) [GET]
Redirected to http://localhost:3000/logout
Completed in 12ms (DB: 0) | 302 Found [http://localhost/logout]
  [4;35;1mSQL (0.1ms)[0m   [0mSET NAMES 'utf8'[0m
  [4;36;1mSQL (0.1ms)[0m   [0;1mSET SQL_AUTO_IS_NULL=0[0m


Processing SessionsController#destroy (for 127.0.0.1 at 2010-11-17 12:15:31) [GET]
Redirected to http://localhost:3000/logout
Completed in 11ms (DB: 0) | 302 Found [http://localhost/logout]
  [4;35;1mSQL (0.1ms)[0m   [0mSET NAMES 'utf8'[0m
  [4;36;1mSQL (0.1ms)[0m   [0;1mSET SQL_AUTO_IS_NULL=0[0m


Processing SessionsController#destroy (for 127.0.0.1 at 2010-11-17 12:15:31) [GET]
Redirected to http://localhost:3000/logout
Completed in 108ms (DB: 0) | 302 Found [http://localhost/logout]
  [4;35;1mSQL (0.1ms)[0m   [0mSET NAMES 'utf8'[0m
  [4;36;1mSQL (0.2ms)[0m   [0;1mSET SQL_AUTO_IS_NULL=0[0m


Processing VisaosController#index (for 127.0.0.1 at 2010-11-17 12:15:59) [GET]
  [4;35;1mUnidade Load (0.2ms)[0m   [0mSELECT * FROM `unidades` [0m
  [4;36;1mProfessor Load (1.2ms)[0m   [0;1mSELECT `professors`.* FROM `professors` INNER JOIN `unidades` ON `unidades`.id = `professors`.sede_id WHERE (unidades.tipo in (1,2,3)) ORDER BY matricula[0m
Rendering template within layouts/exibicao
Rendering visaos/index
Completed in 99ms (View: 19, DB: 2) | 200 OK [http://localhost/]
  [4;35;1mSQL (0.1ms)[0m   [0mSET NAMES 'utf8'[0m
  [4;36;1mSQL (0.1ms)[0m   [0;1mSET SQL_AUTO_IS_NULL=0[0m


Processing SessionsController#new (for 127.0.0.1 at 2010-11-17 12:16:03) [GET]
Rendering template within layouts/login
Rendering sessions/new
Completed in 32ms (View: 21, DB: 0) | 200 OK [http://localhost/login]
  [4;35;1mSQL (0.1ms)[0m   [0mSET NAMES 'utf8'[0m
  [4;36;1mSQL (0.1ms)[0m   [0;1mSET SQL_AUTO_IS_NULL=0[0m


Processing SessionsController#create (for 127.0.0.1 at 2010-11-17 12:16:09) [POST]
  Parameters: {"commit"=>"Entrar", "authenticity_token"=>"ih8wIaHWcDXgvlQDfVhLYvmONFJcZ1eh4tu9QkKqt7c=", "login"=>"administrador", "password"=>"s3inf09"}
  [4;35;1mUser Load (0.2ms)[0m   [0mSELECT * FROM `users` WHERE (login = 'administrador' and activated_at IS NOT NULL) LIMIT 1[0m
  [4;36;1mUser Columns (1.3ms)[0m   [0;1mSHOW FIELDS FROM `users`[0m

ActionController::ActionControllerError (Cannot redirect to nil!):
  lib/authenticated_system.rb:85:in `redirect_back_or_default'
  app/controllers/sessions_controller.rb:19:in `create'
  pdfkit (0.4.5) lib/pdfkit/middleware.rb:14:in `call'
  /usr/lib/ruby/gems/1.8/gems/ruby-debug-ide-0.3.1/lib/ruby-debug.rb:96:in `debug_load'
  /usr/lib/ruby/gems/1.8/gems/ruby-debug-ide-0.3.1/lib/ruby-debug.rb:96:in `main'
  /usr/lib/ruby/gems/1.8/gems/ruby-debug-ide-0.3.1/bin/rdebug-ide:76
  /usr/bin/rdebug-ide:19:in `load'
  /usr/bin/rdebug-ide:19

Rendered rescues/_trace (103.3ms)
Rendered rescues/_request_and_response (0.9ms)
Rendering rescues/layout (internal_server_error)
  [4;35;1mSQL (0.1ms)[0m   [0mSET NAMES 'utf8'[0m
  [4;36;1mSQL (0.2ms)[0m   [0;1mSET SQL_AUTO_IS_NULL=0[0m


Processing VisaosController#index (for 127.0.0.1 at 2010-11-17 12:16:16) [GET]
  [4;35;1mUnidade Load (0.2ms)[0m   [0mSELECT * FROM `unidades` [0m
  [4;36;1mProfessor Load (1.4ms)[0m   [0;1mSELECT `professors`.* FROM `professors` INNER JOIN `unidades` ON `unidades`.id = `professors`.sede_id WHERE (unidades.tipo in (1,2,3)) ORDER BY matricula[0m
Rendering template within layouts/exibicao
Rendering visaos/index
  [4;35;1mUser Columns (1.3ms)[0m   [0mSHOW FIELDS FROM `users`[0m
  [4;36;1mUser Load (0.2ms)[0m   [0;1mSELECT * FROM `users` WHERE (`users`.`id` = 1) LIMIT 1[0m
Completed in 247ms (View: 50, DB: 3) | 200 OK [http://localhost/]
  [4;35;1mSQL (0.1ms)[0m   [0mSET NAMES 'utf8'[0m
  [4;36;1mSQL (0.1ms)[0m   [0;1mSET SQL_AUTO_IS_NULL=0[0m


Processing SessionsController#destroy (for 127.0.0.1 at 2010-11-17 12:16:18) [GET]
  [4;35;1mUser Columns (3.0ms)[0m   [0mSHOW FIELDS FROM `users`[0m
  [4;36;1mUser Load (0.1ms)[0m   [0;1mSELECT * FROM `users` WHERE (`users`.`id` = 1) LIMIT 1[0m
  [4;35;1mSQL (0.1ms)[0m   [0mBEGIN[0m
  [4;36;1mSQL (0.1ms)[0m   [0;1mCOMMIT[0m
Redirected to http://localhost:3000/
Completed in 63ms (DB: 4) | 302 Found [http://localhost/logout]
  [4;35;1mSQL (0.3ms)[0m   [0mSET NAMES 'utf8'[0m
  [4;36;1mSQL (0.1ms)[0m   [0;1mSET SQL_AUTO_IS_NULL=0[0m


Processing VisaosController#index (for 127.0.0.1 at 2010-11-17 12:16:19) [GET]
  [4;35;1mUnidade Load (0.2ms)[0m   [0mSELECT * FROM `unidades` [0m
  [4;36;1mProfessor Load (1.2ms)[0m   [0;1mSELECT `professors`.* FROM `professors` INNER JOIN `unidades` ON `unidades`.id = `professors`.sede_id WHERE (unidades.tipo in (1,2,3)) ORDER BY matricula[0m
Rendering template within layouts/exibicao
Rendering visaos/index
Completed in 101ms (View: 19, DB: 2) | 200 OK [http://localhost/]
  [4;35;1mSQL (0.1ms)[0m   [0mSET NAMES 'utf8'[0m
  [4;36;1mSQL (0.1ms)[0m   [0;1mSET SQL_AUTO_IS_NULL=0[0m


Processing SessionsController#new (for 127.0.0.1 at 2010-11-17 12:16:55) [GET]
Rendering template within layouts/login
Rendering sessions/new
Completed in 32ms (View: 22, DB: 0) | 200 OK [http://localhost/login]
  [4;35;1mSQL (0.1ms)[0m   [0mSET NAMES 'utf8'[0m
  [4;36;1mSQL (0.1ms)[0m   [0;1mSET SQL_AUTO_IS_NULL=0[0m


Processing SessionsController#create (for 127.0.0.1 at 2010-11-17 12:17:01) [POST]
  Parameters: {"commit"=>"Entrar", "authenticity_token"=>"EfMKOnStTP5k46fdzBwayMFG245TvZSMjbBo792TlfY=", "login"=>"administrador", "password"=>"s3inf09"}
  [4;35;1mUser Load (0.2ms)[0m   [0mSELECT * FROM `users` WHERE (login = 'administrador' and activated_at IS NOT NULL) LIMIT 1[0m
  [4;36;1mUser Columns (1.3ms)[0m   [0;1mSHOW FIELDS FROM `users`[0m

NameError (undefined local variable or method `stored_location' for #<SessionsController:0xb545bfe0>):
  app/controllers/sessions_controller.rb:19:in `create'
  pdfkit (0.4.5) lib/pdfkit/middleware.rb:14:in `call'
  /usr/lib/ruby/gems/1.8/gems/ruby-debug-ide-0.3.1/lib/ruby-debug.rb:96:in `debug_load'
  /usr/lib/ruby/gems/1.8/gems/ruby-debug-ide-0.3.1/lib/ruby-debug.rb:96:in `main'
  /usr/lib/ruby/gems/1.8/gems/ruby-debug-ide-0.3.1/bin/rdebug-ide:76
  /usr/bin/rdebug-ide:19:in `load'
  /usr/bin/rdebug-ide:19

Rendered rescues/_trace (103.1ms)
Rendered rescues/_request_and_response (1.0ms)
Rendering rescues/layout (internal_server_error)
  [4;35;1mSQL (0.1ms)[0m   [0mSET NAMES 'utf8'[0m
  [4;36;1mSQL (0.1ms)[0m   [0;1mSET SQL_AUTO_IS_NULL=0[0m


Processing VisaosController#index (for 127.0.0.1 at 2010-11-17 12:17:22) [GET]
  [4;35;1mUnidade Load (0.2ms)[0m   [0mSELECT * FROM `unidades` [0m
  [4;36;1mProfessor Load (1.2ms)[0m   [0;1mSELECT `professors`.* FROM `professors` INNER JOIN `unidades` ON `unidades`.id = `professors`.sede_id WHERE (unidades.tipo in (1,2,3)) ORDER BY matricula[0m
Rendering template within layouts/exibicao
Rendering visaos/index
  [4;35;1mUser Columns (1.3ms)[0m   [0mSHOW FIELDS FROM `users`[0m
  [4;36;1mUser Load (0.1ms)[0m   [0;1mSELECT * FROM `users` WHERE (`users`.`id` = 1) LIMIT 1[0m
Completed in 222ms (View: 144, DB: 3) | 200 OK [http://localhost/]
  [4;35;1mSQL (0.1ms)[0m   [0mSET NAMES 'utf8'[0m
  [4;36;1mSQL (0.1ms)[0m   [0;1mSET SQL_AUTO_IS_NULL=0[0m


Processing SessionsController#destroy (for 127.0.0.1 at 2010-11-17 12:17:25) [GET]
  [4;35;1mUser Columns (1.3ms)[0m   [0mSHOW FIELDS FROM `users`[0m
  [4;36;1mUser Load (0.1ms)[0m   [0;1mSELECT * FROM `users` WHERE (`users`.`id` = 1) LIMIT 1[0m
  [4;35;1mSQL (0.1ms)[0m   [0mBEGIN[0m
  [4;36;1mSQL (0.1ms)[0m   [0;1mCOMMIT[0m
Redirected to http://localhost:3000/
Completed in 52ms (DB: 2) | 302 Found [http://localhost/logout]
  [4;35;1mSQL (0.1ms)[0m   [0mSET NAMES 'utf8'[0m
  [4;36;1mSQL (0.1ms)[0m   [0;1mSET SQL_AUTO_IS_NULL=0[0m


Processing VisaosController#index (for 127.0.0.1 at 2010-11-17 12:17:26) [GET]
  [4;35;1mUnidade Load (0.2ms)[0m   [0mSELECT * FROM `unidades` [0m
  [4;36;1mProfessor Load (1.3ms)[0m   [0;1mSELECT `professors`.* FROM `professors` INNER JOIN `unidades` ON `unidades`.id = `professors`.sede_id WHERE (unidades.tipo in (1,2,3)) ORDER BY matricula[0m
Rendering template within layouts/exibicao
Rendering visaos/index
Completed in 100ms (View: 19, DB: 2) | 200 OK [http://localhost/]
  [4;35;1mSQL (0.1ms)[0m   [0mSET NAMES 'utf8'[0m
  [4;36;1mSQL (0.1ms)[0m   [0;1mSET SQL_AUTO_IS_NULL=0[0m


Processing SessionsController#new (for 127.0.0.1 at 2010-11-17 12:17:28) [GET]
Rendering template within layouts/login
Rendering sessions/new
Completed in 31ms (View: 20, DB: 0) | 200 OK [http://localhost/login]
  [4;35;1mSQL (0.1ms)[0m   [0mSET NAMES 'utf8'[0m
  [4;36;1mSQL (0.1ms)[0m   [0;1mSET SQL_AUTO_IS_NULL=0[0m


Processing SessionsController#create (for 127.0.0.1 at 2010-11-17 12:17:35) [POST]
  Parameters: {"commit"=>"Entrar", "authenticity_token"=>"Bdspn5/kUkbZt14SZnLnYm+NZjcHOPDPDCStymeCtbk=", "login"=>"administrador", "password"=>"s3inf09"}
  [4;35;1mUser Load (0.2ms)[0m   [0mSELECT * FROM `users` WHERE (login = 'administrador' and activated_at IS NOT NULL) LIMIT 1[0m
  [4;36;1mUser Columns (1.2ms)[0m   [0;1mSHOW FIELDS FROM `users`[0m
Redirected to http://localhost:3000/session
Completed in 37ms (DB: 2) | 302 Found [http://localhost/session]
  [4;35;1mSQL (0.2ms)[0m   [0mSET NAMES 'utf8'[0m
  [4;36;1mSQL (0.1ms)[0m   [0;1mSET SQL_AUTO_IS_NULL=0[0m


Processing SessionsController#show (for 127.0.0.1 at 2010-11-17 12:17:35) [GET]

ActionController::UnknownAction (No action responded to show. Actions: access_denied, check_roles, create, destroy, new, render_optional_error_file, role_requirements, and role_requirements=):
  pdfkit (0.4.5) lib/pdfkit/middleware.rb:14:in `call'
  /usr/lib/ruby/gems/1.8/gems/ruby-debug-ide-0.3.1/lib/ruby-debug.rb:96:in `debug_load'
  /usr/lib/ruby/gems/1.8/gems/ruby-debug-ide-0.3.1/lib/ruby-debug.rb:96:in `main'
  /usr/lib/ruby/gems/1.8/gems/ruby-debug-ide-0.3.1/bin/rdebug-ide:76
  /usr/bin/rdebug-ide:19:in `load'
  /usr/bin/rdebug-ide:19

Rendering rescues/layout (not_found)
  [4;35;1mSQL (0.1ms)[0m   [0mSET NAMES 'utf8'[0m
  [4;36;1mSQL (0.1ms)[0m   [0;1mSET SQL_AUTO_IS_NULL=0[0m


Processing VisaosController#index (for 127.0.0.1 at 2010-11-17 12:18:04) [GET]
  [4;35;1mUnidade Load (0.2ms)[0m   [0mSELECT * FROM `unidades` [0m
  [4;36;1mProfessor Load (1.3ms)[0m   [0;1mSELECT `professors`.* FROM `professors` INNER JOIN `unidades` ON `unidades`.id = `professors`.sede_id WHERE (unidades.tipo in (1,2,3)) ORDER BY matricula[0m
Rendering template within layouts/exibicao
Rendering visaos/index
  [4;35;1mUser Columns (1.5ms)[0m   [0mSHOW FIELDS FROM `users`[0m
  [4;36;1mUser Load (0.2ms)[0m   [0;1mSELECT * FROM `users` WHERE (`users`.`id` = 1) LIMIT 1[0m
Completed in 229ms (View: 46, DB: 3) | 200 OK [http://localhost/]
  [4;35;1mSQL (0.1ms)[0m   [0mSET NAMES 'utf8'[0m
  [4;36;1mSQL (0.1ms)[0m   [0;1mSET SQL_AUTO_IS_NULL=0[0m


Processing SessionsController#destroy (for 127.0.0.1 at 2010-11-17 12:18:07) [GET]
  [4;35;1mUser Columns (1.3ms)[0m   [0mSHOW FIELDS FROM `users`[0m
  [4;36;1mUser Load (0.1ms)[0m   [0;1mSELECT * FROM `users` WHERE (`users`.`id` = 1) LIMIT 1[0m
  [4;35;1mSQL (0.1ms)[0m   [0mBEGIN[0m
  [4;36;1mSQL (0.1ms)[0m   [0;1mCOMMIT[0m
Redirected to http://localhost:3000/
Completed in 41ms (DB: 2) | 302 Found [http://localhost/logout]
  [4;35;1mSQL (0.1ms)[0m   [0mSET NAMES 'utf8'[0m
  [4;36;1mSQL (0.1ms)[0m   [0;1mSET SQL_AUTO_IS_NULL=0[0m


Processing VisaosController#index (for 127.0.0.1 at 2010-11-17 12:18:07) [GET]
  [4;35;1mUnidade Load (0.2ms)[0m   [0mSELECT * FROM `unidades` [0m
  [4;36;1mProfessor Load (1.2ms)[0m   [0;1mSELECT `professors`.* FROM `professors` INNER JOIN `unidades` ON `unidades`.id = `professors`.sede_id WHERE (unidades.tipo in (1,2,3)) ORDER BY matricula[0m
Rendering template within layouts/exibicao
Rendering visaos/index
Completed in 99ms (View: 19, DB: 2) | 200 OK [http://localhost/]
  [4;35;1mSQL (0.1ms)[0m   [0mSET NAMES 'utf8'[0m
  [4;36;1mSQL (0.1ms)[0m   [0;1mSET SQL_AUTO_IS_NULL=0[0m


Processing SessionsController#new (for 127.0.0.1 at 2010-11-17 12:18:10) [GET]
Rendering template within layouts/login
Rendering sessions/new
Completed in 33ms (View: 22, DB: 0) | 200 OK [http://localhost/login]
  [4;35;1mSQL (0.1ms)[0m   [0mSET NAMES 'utf8'[0m
  [4;36;1mSQL (0.1ms)[0m   [0;1mSET SQL_AUTO_IS_NULL=0[0m


Processing SessionsController#create (for 127.0.0.1 at 2010-11-17 12:18:17) [POST]
  Parameters: {"commit"=>"Entrar", "authenticity_token"=>"1rxwb8vt2acPJdZk5AdjaQw2tGTCEUKabm8NWnHM5D4=", "login"=>"administrador", "password"=>"s3inf09"}
  [4;35;1mUser Load (0.4ms)[0m   [0mSELECT * FROM `users` WHERE (login = 'administrador' and activated_at IS NOT NULL) LIMIT 1[0m
  [4;36;1mUser Columns (1.2ms)[0m   [0;1mSHOW FIELDS FROM `users`[0m
Redirected to http://localhost:3000/session
Completed in 60089ms (DB: 2) | 302 Found [http://localhost/session]
  [4;35;1mSQL (0.1ms)[0m   [0mSET NAMES 'utf8'[0m
  [4;36;1mSQL (0.1ms)[0m   [0;1mSET SQL_AUTO_IS_NULL=0[0m


Processing SessionsController#show (for 127.0.0.1 at 2010-11-17 12:19:17) [GET]

ActionController::UnknownAction (No action responded to show. Actions: access_denied, check_roles, create, destroy, new, render_optional_error_file, role_requirements, and role_requirements=):
  pdfkit (0.4.5) lib/pdfkit/middleware.rb:14:in `call'
  /usr/lib/ruby/gems/1.8/gems/ruby-debug-ide-0.3.1/lib/ruby-debug.rb:96:in `debug_load'
  /usr/lib/ruby/gems/1.8/gems/ruby-debug-ide-0.3.1/lib/ruby-debug.rb:96:in `main'
  /usr/lib/ruby/gems/1.8/gems/ruby-debug-ide-0.3.1/bin/rdebug-ide:76
  /usr/bin/rdebug-ide:19:in `load'
  /usr/bin/rdebug-ide:19

Rendering rescues/layout (not_found)
  [4;35;1mSQL (0.1ms)[0m   [0mSET NAMES 'utf8'[0m
  [4;36;1mSQL (0.1ms)[0m   [0;1mSET SQL_AUTO_IS_NULL=0[0m


Processing VisaosController#index (for 127.0.0.1 at 2010-11-17 12:19:21) [GET]
  [4;35;1mUnidade Load (0.2ms)[0m   [0mSELECT * FROM `unidades` [0m
  [4;36;1mProfessor Load (1.3ms)[0m   [0;1mSELECT `professors`.* FROM `professors` INNER JOIN `unidades` ON `unidades`.id = `professors`.sede_id WHERE (unidades.tipo in (1,2,3)) ORDER BY matricula[0m
Rendering template within layouts/exibicao
Rendering visaos/index
  [4;35;1mUser Columns (1.4ms)[0m   [0mSHOW FIELDS FROM `users`[0m
  [4;36;1mUser Load (0.1ms)[0m   [0;1mSELECT * FROM `users` WHERE (`users`.`id` = 1) LIMIT 1[0m
Completed in 129ms (View: 43, DB: 3) | 200 OK [http://localhost/]
  [4;35;1mSQL (0.1ms)[0m   [0mSET NAMES 'utf8'[0m
  [4;36;1mSQL (0.1ms)[0m   [0;1mSET SQL_AUTO_IS_NULL=0[0m


Processing SessionsController#destroy (for 127.0.0.1 at 2010-11-17 12:19:24) [GET]
  [4;35;1mUser Columns (1.7ms)[0m   [0mSHOW FIELDS FROM `users`[0m
  [4;36;1mUser Load (0.1ms)[0m   [0;1mSELECT * FROM `users` WHERE (`users`.`id` = 1) LIMIT 1[0m
  [4;35;1mSQL (0.1ms)[0m   [0mBEGIN[0m
  [4;36;1mSQL (0.1ms)[0m   [0;1mCOMMIT[0m
Redirected to http://localhost:3000/
Completed in 46ms (DB: 2) | 302 Found [http://localhost/logout]
  [4;35;1mSQL (0.1ms)[0m   [0mSET NAMES 'utf8'[0m
  [4;36;1mSQL (0.1ms)[0m   [0;1mSET SQL_AUTO_IS_NULL=0[0m


Processing VisaosController#index (for 127.0.0.1 at 2010-11-17 12:19:24) [GET]
  [4;35;1mUnidade Load (0.2ms)[0m   [0mSELECT * FROM `unidades` [0m
  [4;36;1mProfessor Load (1.3ms)[0m   [0;1mSELECT `professors`.* FROM `professors` INNER JOIN `unidades` ON `unidades`.id = `professors`.sede_id WHERE (unidades.tipo in (1,2,3)) ORDER BY matricula[0m
Rendering template within layouts/exibicao
Rendering visaos/index
Completed in 97ms (View: 18, DB: 2) | 200 OK [http://localhost/]
  [4;35;1mSQL (0.1ms)[0m   [0mSET NAMES 'utf8'[0m
  [4;36;1mSQL (0.1ms)[0m   [0;1mSET SQL_AUTO_IS_NULL=0[0m


Processing SessionsController#new (for 127.0.0.1 at 2010-11-17 12:19:27) [GET]
Rendering template within layouts/login
Rendering sessions/new
Completed in 32ms (View: 21, DB: 0) | 200 OK [http://localhost/login]
  [4;35;1mSQL (0.1ms)[0m   [0mSET NAMES 'utf8'[0m
  [4;36;1mSQL (0.1ms)[0m   [0;1mSET SQL_AUTO_IS_NULL=0[0m


Processing SessionsController#create (for 127.0.0.1 at 2010-11-17 12:19:33) [POST]
  Parameters: {"commit"=>"Entrar", "authenticity_token"=>"+QadZ1MBAQ4KK9VWnivVAeLI5TH/uXVD5M/rTGwGm9Q=", "login"=>"administrador", "password"=>"s3inf09"}
  [4;35;1mUser Load (0.2ms)[0m   [0mSELECT * FROM `users` WHERE (login = 'administrador' and activated_at IS NOT NULL) LIMIT 1[0m
  [4;36;1mUser Columns (1.2ms)[0m   [0;1mSHOW FIELDS FROM `users`[0m

NameError (undefined local variable or method `home_path' for #<SessionsController:0xb57443c4>):
  app/controllers/sessions_controller.rb:19:in `create'
  pdfkit (0.4.5) lib/pdfkit/middleware.rb:14:in `call'
  /usr/lib/ruby/gems/1.8/gems/ruby-debug-ide-0.3.1/lib/ruby-debug.rb:96:in `debug_load'
  /usr/lib/ruby/gems/1.8/gems/ruby-debug-ide-0.3.1/lib/ruby-debug.rb:96:in `main'
  /usr/lib/ruby/gems/1.8/gems/ruby-debug-ide-0.3.1/bin/rdebug-ide:76
  /usr/bin/rdebug-ide:19:in `load'
  /usr/bin/rdebug-ide:19

Rendered rescues/_trace (98.7ms)
Rendered rescues/_request_and_response (0.9ms)
Rendering rescues/layout (internal_server_error)
DEPRECATION WARNING: require "activesupport" is deprecated and will be removed in Rails 3. Use require "active_support" instead.. (called from /home/alexandre/pontuacao_consulta/vendor/rails/activesupport/lib/activesupport.rb:2)
  [4;35;1mSQL (0.1ms)[0m   [0mSET NAMES 'utf8'[0m
  [4;36;1mSQL (0.1ms)[0m   [0;1mSET SQL_AUTO_IS_NULL=0[0m


Processing VisaosController#index (for 127.0.0.1 at 2010-11-17 12:22:24) [GET]
  [4;35;1mUnidade Load (0.2ms)[0m   [0mSELECT * FROM `unidades` [0m
  [4;36;1mProfessor Load (1.2ms)[0m   [0;1mSELECT `professors`.* FROM `professors` INNER JOIN `unidades` ON `unidades`.id = `professors`.sede_id WHERE (unidades.tipo in (1,2,3)) ORDER BY matricula[0m
Rendering template within layouts/exibicao
Rendering visaos/index
  [4;35;1mUser Columns (1.3ms)[0m   [0mSHOW FIELDS FROM `users`[0m
  [4;36;1mUser Load (0.1ms)[0m   [0;1mSELECT * FROM `users` WHERE (`users`.`id` = 1) LIMIT 1[0m
Completed in 227ms (View: 44, DB: 3) | 200 OK [http://localhost/]
  [4;35;1mSQL (0.1ms)[0m   [0mSET NAMES 'utf8'[0m
  [4;36;1mSQL (0.1ms)[0m   [0;1mSET SQL_AUTO_IS_NULL=0[0m


Processing SessionsController#destroy (for 127.0.0.1 at 2010-11-17 12:22:37) [GET]
  [4;35;1mUser Columns (1.5ms)[0m   [0mSHOW FIELDS FROM `users`[0m
  [4;36;1mUser Load (0.1ms)[0m   [0;1mSELECT * FROM `users` WHERE (`users`.`id` = 1) LIMIT 1[0m
  [4;35;1mSQL (0.1ms)[0m   [0mBEGIN[0m
  [4;36;1mSQL (0.1ms)[0m   [0;1mCOMMIT[0m
Redirected to http://localhost:3000/
Completed in 135ms (DB: 2) | 302 Found [http://localhost/logout]
  [4;35;1mSQL (0.1ms)[0m   [0mSET NAMES 'utf8'[0m
  [4;36;1mSQL (0.1ms)[0m   [0;1mSET SQL_AUTO_IS_NULL=0[0m


Processing VisaosController#index (for 127.0.0.1 at 2010-11-17 12:22:38) [GET]
  [4;35;1mUnidade Load (0.2ms)[0m   [0mSELECT * FROM `unidades` [0m
  [4;36;1mProfessor Load (1.3ms)[0m   [0;1mSELECT `professors`.* FROM `professors` INNER JOIN `unidades` ON `unidades`.id = `professors`.sede_id WHERE (unidades.tipo in (1,2,3)) ORDER BY matricula[0m
Rendering template within layouts/exibicao
Rendering visaos/index
Completed in 97ms (View: 18, DB: 2) | 200 OK [http://localhost/]
  [4;35;1mSQL (0.1ms)[0m   [0mSET NAMES 'utf8'[0m
  [4;36;1mSQL (0.1ms)[0m   [0;1mSET SQL_AUTO_IS_NULL=0[0m


Processing SessionsController#new (for 127.0.0.1 at 2010-11-17 12:22:41) [GET]
Rendering template within layouts/login
Rendering sessions/new
Completed in 31ms (View: 21, DB: 0) | 200 OK [http://localhost/login]
  [4;35;1mSQL (0.2ms)[0m   [0mSET NAMES 'utf8'[0m
  [4;36;1mSQL (0.1ms)[0m   [0;1mSET SQL_AUTO_IS_NULL=0[0m


Processing SessionsController#create (for 127.0.0.1 at 2010-11-17 12:22:47) [POST]
  Parameters: {"commit"=>"Entrar", "authenticity_token"=>"oS2fXtCtSBRE/cNb6N8kh5IazzxnHn7OcwiIQXKq6hc=", "login"=>"administrador", "password"=>"s3inf09"}
  [4;35;1mUser Load (0.2ms)[0m   [0mSELECT * FROM `users` WHERE (login = 'administrador' and activated_at IS NOT NULL) LIMIT 1[0m
  [4;36;1mUser Columns (1.2ms)[0m   [0;1mSHOW FIELDS FROM `users`[0m
Redirected to http://localhost:3000/
Completed in 40ms (DB: 2) | 302 Found [http://localhost/session]
  [4;35;1mSQL (0.1ms)[0m   [0mSET NAMES 'utf8'[0m
  [4;36;1mSQL (0.1ms)[0m   [0;1mSET SQL_AUTO_IS_NULL=0[0m


Processing VisaosController#index (for 127.0.0.1 at 2010-11-17 12:22:47) [GET]
  [4;35;1mUnidade Load (0.2ms)[0m   [0mSELECT * FROM `unidades` [0m
  [4;36;1mProfessor Load (1.3ms)[0m   [0;1mSELECT `professors`.* FROM `professors` INNER JOIN `unidades` ON `unidades`.id = `professors`.sede_id WHERE (unidades.tipo in (1,2,3)) ORDER BY matricula[0m
Rendering template within layouts/exibicao
Rendering visaos/index
  [4;35;1mUser Columns (1.3ms)[0m   [0mSHOW FIELDS FROM `users`[0m
  [4;36;1mUser Load (0.1ms)[0m   [0;1mSELECT * FROM `users` WHERE (`users`.`id` = 1) LIMIT 1[0m
Completed in 120ms (View: 41, DB: 3) | 200 OK [http://localhost/]
  [4;35;1mSQL (0.1ms)[0m   [0mSET NAMES 'utf8'[0m
  [4;36;1mSQL (0.1ms)[0m   [0;1mSET SQL_AUTO_IS_NULL=0[0m


Processing SessionsController#destroy (for 127.0.0.1 at 2010-11-17 12:23:00) [GET]
  [4;35;1mUser Columns (1.3ms)[0m   [0mSHOW FIELDS FROM `users`[0m
  [4;36;1mUser Load (0.1ms)[0m   [0;1mSELECT * FROM `users` WHERE (`users`.`id` = 1) LIMIT 1[0m
  [4;35;1mSQL (0.1ms)[0m   [0mBEGIN[0m
  [4;36;1mSQL (0.1ms)[0m   [0;1mCOMMIT[0m
Redirected to http://localhost:3000/
Completed in 42ms (DB: 2) | 302 Found [http://localhost/logout]
  [4;35;1mSQL (0.1ms)[0m   [0mSET NAMES 'utf8'[0m
  [4;36;1mSQL (0.1ms)[0m   [0;1mSET SQL_AUTO_IS_NULL=0[0m


Processing VisaosController#index (for 127.0.0.1 at 2010-11-17 12:23:00) [GET]
  [4;35;1mUnidade Load (0.2ms)[0m   [0mSELECT * FROM `unidades` [0m
  [4;36;1mProfessor Load (1.2ms)[0m   [0;1mSELECT `professors`.* FROM `professors` INNER JOIN `unidades` ON `unidades`.id = `professors`.sede_id WHERE (unidades.tipo in (1,2,3)) ORDER BY matricula[0m
Rendering template within layouts/exibicao
Rendering visaos/index
Completed in 101ms (View: 18, DB: 2) | 200 OK [http://localhost/]
